Gtk-Message: 20:33:19.685: Failed to load module "canberra-gtk-module"
Couldn't retain /home/danilao/.atom/recovery/router-a1fd36.c. Code: ENOENT. Message: ENOENT: no such file or directory, open '/home/danilao/.atom/recovery/router-a1fd36.c'
Couldn't retain /home/danilao/.atom/recovery/router-29eea6.c. Code: ENOENT. Message: ENOENT: no such file or directory, open '/home/danilao/.atom/recovery/router-29eea6.c'
Couldn't retain /home/danilao/.atom/recovery/router-f6bb3a.c. Code: ENOENT. Message: ENOENT: no such file or directory, open '/home/danilao/.atom/recovery/router-f6bb3a.c'
Couldn't retain /home/danilao/.atom/recovery/router-72f153.c. Code: ENOENT. Message: ENOENT: no such file or directory, open '/home/danilao/.atom/recovery/router-72f153.c'
Couldn't retain /home/danilao/.atom/recovery/router-df9f2b.c. Code: ENOENT. Message: ENOENT: no such file or directory, open '/home/danilao/.atom/recovery/router-df9f2b.c'
Couldn't retain /home/danilao/.atom/recovery/router-ef7894.c. Code: ENOENT. Message: ENOENT: no such file or directory, open '/home/danilao/.atom/recovery/router-ef7894.c'
Couldn't retain /home/danilao/.atom/recovery/router-5fc8ea.c. Code: ENOENT. Message: ENOENT: no such file or directory, open '/home/danilao/.atom/recovery/router-5fc8ea.c'
Couldn't retain /home/danilao/.atom/recovery/router-5b44f5.c. Code: ENOENT. Message: ENOENT: no such file or directory, open '/home/danilao/.atom/recovery/router-5b44f5.c'
Couldn't retain /home/danilao/.atom/recovery/router-94f772.c. Code: ENOENT. Message: ENOENT: no such file or directory, open '/home/danilao/.atom/recovery/router-94f772.c'
Couldn't retain /home/danilao/.atom/recovery/router-7d5dc0.c. Code: ENOENT. Message: ENOENT: no such file or directory, open '/home/danilao/.atom/recovery/router-7d5dc0.c'
Couldn't retain /home/danilao/.atom/recovery/router-bbe262.c. Code: ENOENT. Message: ENOENT: no such file or directory, open '/home/danilao/.atom/recovery/router-bbe262.c'
Couldn't retain /home/danilao/.atom/recovery/router-23c701.c. Code: ENOENT. Message: ENOENT: no such file or directory, open '/home/danilao/.atom/recovery/router-23c701.c'
Couldn't retain /home/danilao/.atom/recovery/router-f294f0.c. Code: ENOENT. Message: ENOENT: no such file or directory, open '/home/danilao/.atom/recovery/router-f294f0.c'
Couldn't retain /home/danilao/.atom/recovery/router-9fe985.c. Code: ENOENT. Message: ENOENT: no such file or directory, open '/home/danilao/.atom/recovery/router-9fe985.c'
Couldn't retain /home/danilao/.atom/recovery/router-4b6c3a.c. Code: ENOENT. Message: ENOENT: no such file or directory, open '/home/danilao/.atom/recovery/router-4b6c3a.c'
Couldn't retain /home/danilao/.atom/recovery/router-549ec7.c. Code: ENOENT. Message: ENOENT: no such file or directory, open '/home/danilao/.atom/recovery/router-549ec7.c'
Couldn't retain /home/danilao/.atom/recovery/router-429bbe.c. Code: ENOENT. Message: ENOENT: no such file or directory, open '/home/danilao/.atom/recovery/router-429bbe.c'
Couldn't retain /home/danilao/.atom/recovery/router-2481cb.c. Code: ENOENT. Message: ENOENT: no such file or directory, open '/home/danilao/.atom/recovery/router-2481cb.c'
Couldn't retain /home/danilao/.atom/recovery/router-928bd9.c. Code: ENOENT. Message: ENOENT: no such file or directory, open '/home/danilao/.atom/recovery/router-928bd9.c'
Couldn't retain /home/danilao/.atom/recovery/router-b697ac.c. Code: ENOENT. Message: ENOENT: no such file or directory, open '/home/danilao/.atom/recovery/router-b697ac.c'
Couldn't retain /home/danilao/.atom/recovery/table-abf591.h. Code: ENOENT. Message: ENOENT: no such file or directory, open '/home/danilao/.atom/recovery/table-abf591.h'
Couldn't retain /home/danilao/.atom/recovery/router-4b2d8d.c. Code: ENOENT. Message: ENOENT: no such file or directory, open '/home/danilao/.atom/recovery/router-4b2d8d.c'
Couldn't retain /home/danilao/.atom/recovery/router-c2ad0e.c. Code: ENOENT. Message: ENOENT: no such file or directory, open '/home/danilao/.atom/recovery/router-c2ad0e.c'
Couldn't retain /home/danilao/.atom/recovery/router-5a2045.c. Code: ENOENT. Message: ENOENT: no such file or directory, open '/home/danilao/.atom/recovery/router-5a2045.c'
Couldn't retain /home/danilao/.atom/recovery/router-90802b.c. Code: ENOENT. Message: ENOENT: no such file or directory, open '/home/danilao/.atom/recovery/router-90802b.c'
Couldn't retain /home/danilao/.atom/recovery/router-14afa4.c. Code: ENOENT. Message: ENOENT: no such file or directory, open '/home/danilao/.atom/recovery/router-14afa4.c'
Couldn't retain /home/danilao/.atom/recovery/router-669b01.c. Code: ENOENT. Message: ENOENT: no such file or directory, open '/home/danilao/.atom/recovery/router-669b01.c'
Couldn't retain /home/danilao/.atom/recovery/router-c1194d.c. Code: ENOENT. Message: ENOENT: no such file or directory, open '/home/danilao/.atom/recovery/router-c1194d.c'
Couldn't retain /home/danilao/.atom/recovery/router-adeeeb.c. Code: ENOENT. Message: ENOENT: no such file or directory, open '/home/danilao/.atom/recovery/router-adeeeb.c'
[26731:0327/222026.040157:ERROR:buffer_manager.cc(453)] [.DisplayCompositor-0x3d73300fb700]GL ERROR :GL_INVALID_OPERATION : glBufferData: <- error from previous GL command
[26731:0327/222028.451178:ERROR:buffer_manager.cc(453)] [.DisplayCompositor-0x3d7330334500]GL ERROR :GL_INVALID_OPERATION : glBufferData: <- error from previous GL command
Couldn't retain /home/danilao/.atom/recovery/table-56c25e.c. Code: ENOENT. Message: ENOENT: no such file or directory, open '/home/danilao/.atom/recovery/table-56c25e.c'
Couldn't retain /home/danilao/.atom/recovery/table-a13d10.c. Code: ENOENT. Message: ENOENT: no such file or directory, open '/home/danilao/.atom/recovery/table-a13d10.c'
Couldn't retain /home/danilao/.atom/recovery/table-94e306.c. Code: ENOENT. Message: ENOENT: no such file or directory, open '/home/danilao/.atom/recovery/table-94e306.c'
Couldn't retain /home/danilao/.atom/recovery/table-97b193.h. Code: ENOENT. Message: ENOENT: no such file or directory, open '/home/danilao/.atom/recovery/table-97b193.h'
Couldn't retain /home/danilao/.atom/recovery/table-e8abd6.c. Code: ENOENT. Message: ENOENT: no such file or directory, open '/home/danilao/.atom/recovery/table-e8abd6.c'
Couldn't retain /home/danilao/.atom/recovery/table-c939c1.c. Code: ENOENT. Message: ENOENT: no such file or directory, open '/home/danilao/.atom/recovery/table-c939c1.c'
Couldn't retain /home/danilao/.atom/recovery/table-46d2f1.c. Code: ENOENT. Message: ENOENT: no such file or directory, open '/home/danilao/.atom/recovery/table-46d2f1.c'
Couldn't retain /home/danilao/.atom/recovery/table-98418a.c. Code: ENOENT. Message: ENOENT: no such file or directory, open '/home/danilao/.atom/recovery/table-98418a.c'
Couldn't retain /home/danilao/.atom/recovery/table-eb419b.c. Code: ENOENT. Message: ENOENT: no such file or directory, open '/home/danilao/.atom/recovery/table-eb419b.c'
Couldn't retain /home/danilao/.atom/recovery/table-77d1f2.c. Code: ENOENT. Message: ENOENT: no such file or directory, open '/home/danilao/.atom/recovery/table-77d1f2.c'
Couldn't retain /home/danilao/.atom/recovery/table-9bbe0c.c. Code: ENOENT. Message: ENOENT: no such file or directory, open '/home/danilao/.atom/recovery/table-9bbe0c.c'
Couldn't retain /home/danilao/.atom/recovery/table-9f807e.c. Code: ENOENT. Message: ENOENT: no such file or directory, open '/home/danilao/.atom/recovery/table-9f807e.c'
Couldn't retain /home/danilao/.atom/recovery/table-d53218.c. Code: ENOENT. Message: ENOENT: no such file or directory, open '/home/danilao/.atom/recovery/table-d53218.c'
Couldn't retain /home/danilao/.atom/recovery/table-3b10c1.h. Code: ENOENT. Message: ENOENT: no such file or directory, open '/home/danilao/.atom/recovery/table-3b10c1.h'
Couldn't retain /home/danilao/.atom/recovery/table-cb5bf2.c. Code: ENOENT. Message: ENOENT: no such file or directory, open '/home/danilao/.atom/recovery/table-cb5bf2.c'
Couldn't retain /home/danilao/.atom/recovery/table-b4a236.c. Code: ENOENT. Message: ENOENT: no such file or directory, open '/home/danilao/.atom/recovery/table-b4a236.c'
Couldn't retain /home/danilao/.atom/recovery/table-a35d7c.c. Code: ENOENT. Message: ENOENT: no such file or directory, open '/home/danilao/.atom/recovery/table-a35d7c.c'
Couldn't retain /home/danilao/.atom/recovery/router-16e153.c. Code: ENOENT. Message: ENOENT: no such file or directory, open '/home/danilao/.atom/recovery/router-16e153.c'
Couldn't retain /home/danilao/.atom/recovery/router-1b29c6.c. Code: ENOENT. Message: ENOENT: no such file or directory, open '/home/danilao/.atom/recovery/router-1b29c6.c'
Couldn't retain /home/danilao/.atom/recovery/router-243cf2.c. Code: ENOENT. Message: ENOENT: no such file or directory, open '/home/danilao/.atom/recovery/router-243cf2.c'
Couldn't retain /home/danilao/.atom/recovery/router-7277f0.c. Code: ENOENT. Message: ENOENT: no such file or directory, open '/home/danilao/.atom/recovery/router-7277f0.c'
Couldn't retain /home/danilao/.atom/recovery/router-6c1a83.c. Code: ENOENT. Message: ENOENT: no such file or directory, open '/home/danilao/.atom/recovery/router-6c1a83.c'
Couldn't retain /home/danilao/.atom/recovery/router-e27f8d.c. Code: ENOENT. Message: ENOENT: no such file or directory, open '/home/danilao/.atom/recovery/router-e27f8d.c'
Couldn't retain /home/danilao/.atom/recovery/router-087e7d.c. Code: ENOENT. Message: ENOENT: no such file or directory, open '/home/danilao/.atom/recovery/router-087e7d.c'
Couldn't retain /home/danilao/.atom/recovery/router-4fba99.c. Code: ENOENT. Message: ENOENT: no such file or directory, open '/home/danilao/.atom/recovery/router-4fba99.c'
Couldn't retain /home/danilao/.atom/recovery/router-d131f7.c. Code: ENOENT. Message: ENOENT: no such file or directory, open '/home/danilao/.atom/recovery/router-d131f7.c'
Couldn't retain /home/danilao/.atom/recovery/router-9b2637.c. Code: ENOENT. Message: ENOENT: no such file or directory, open '/home/danilao/.atom/recovery/router-9b2637.c'
Couldn't retain /home/danilao/.atom/recovery/router-2c621f.c. Code: ENOENT. Message: ENOENT: no such file or directory, open '/home/danilao/.atom/recovery/router-2c621f.c'
Couldn't retain /home/danilao/.atom/recovery/router-30d561.c. Code: ENOENT. Message: ENOENT: no such file or directory, open '/home/danilao/.atom/recovery/router-30d561.c'
Couldn't retain /home/danilao/.atom/recovery/router-7df8c7.c. Code: ENOENT. Message: ENOENT: no such file or directory, open '/home/danilao/.atom/recovery/router-7df8c7.c'
Couldn't retain /home/danilao/.atom/recovery/router-267d6c.c. Code: ENOENT. Message: ENOENT: no such file or directory, open '/home/danilao/.atom/recovery/router-267d6c.c'
Couldn't retain /home/danilao/.atom/recovery/router-fe5e2f.c. Code: ENOENT. Message: ENOENT: no such file or directory, open '/home/danilao/.atom/recovery/router-fe5e2f.c'
Couldn't retain /home/danilao/.atom/recovery/router-28ff47.c. Code: ENOENT. Message: ENOENT: no such file or directory, open '/home/danilao/.atom/recovery/router-28ff47.c'
Couldn't retain /home/danilao/.atom/recovery/router-cd5b92.c. Code: ENOENT. Message: ENOENT: no such file or directory, open '/home/danilao/.atom/recovery/router-cd5b92.c'
Couldn't retain /home/danilao/.atom/recovery/router-393933.c. Code: ENOENT. Message: ENOENT: no such file or directory, open '/home/danilao/.atom/recovery/router-393933.c'
Couldn't retain /home/danilao/.atom/recovery/router-323320.c. Code: ENOENT. Message: ENOENT: no such file or directory, open '/home/danilao/.atom/recovery/router-323320.c'
Couldn't retain /home/danilao/.atom/recovery/router-29a931.c. Code: ENOENT. Message: ENOENT: no such file or directory, open '/home/danilao/.atom/recovery/router-29a931.c'
Couldn't retain /home/danilao/.atom/recovery/router-39d363.c. Code: ENOENT. Message: ENOENT: no such file or directory, open '/home/danilao/.atom/recovery/router-39d363.c'
Couldn't retain /home/danilao/.atom/recovery/router-c93fcc.c. Code: ENOENT. Message: ENOENT: no such file or directory, open '/home/danilao/.atom/recovery/router-c93fcc.c'
Couldn't retain /home/danilao/.atom/recovery/router-6817e0.c. Code: ENOENT. Message: ENOENT: no such file or directory, open '/home/danilao/.atom/recovery/router-6817e0.c'
Couldn't retain /home/danilao/.atom/recovery/router-1dbf71.c. Code: ENOENT. Message: ENOENT: no such file or directory, open '/home/danilao/.atom/recovery/router-1dbf71.c'
Couldn't retain /home/danilao/.atom/recovery/router-5cde61.c. Code: ENOENT. Message: ENOENT: no such file or directory, open '/home/danilao/.atom/recovery/router-5cde61.c'
Couldn't retain /home/danilao/.atom/recovery/router-d6e6fd.c. Code: ENOENT. Message: ENOENT: no such file or directory, open '/home/danilao/.atom/recovery/router-d6e6fd.c'
Couldn't retain /home/danilao/.atom/recovery/router-583883.c. Code: ENOENT. Message: ENOENT: no such file or directory, open '/home/danilao/.atom/recovery/router-583883.c'
Couldn't retain /home/danilao/.atom/recovery/router-85b22d.c. Code: ENOENT. Message: ENOENT: no such file or directory, open '/home/danilao/.atom/recovery/router-85b22d.c'
Couldn't retain /home/danilao/.atom/recovery/router-f8d483.c. Code: ENOENT. Message: ENOENT: no such file or directory, open '/home/danilao/.atom/recovery/router-f8d483.c'
Couldn't retain /home/danilao/.atom/recovery/router-c1e451.c. Code: ENOENT. Message: ENOENT: no such file or directory, open '/home/danilao/.atom/recovery/router-c1e451.c'
Couldn't retain /home/danilao/.atom/recovery/router-50c390.c. Code: ENOENT. Message: ENOENT: no such file or directory, open '/home/danilao/.atom/recovery/router-50c390.c'
Couldn't retain /home/danilao/.atom/recovery/router-df72f4.c. Code: ENOENT. Message: ENOENT: no such file or directory, open '/home/danilao/.atom/recovery/router-df72f4.c'
Couldn't retain /home/danilao/.atom/recovery/router-2d3af3.c. Code: ENOENT. Message: ENOENT: no such file or directory, open '/home/danilao/.atom/recovery/router-2d3af3.c'
Couldn't retain /home/danilao/.atom/recovery/router-46eac4.c. Code: ENOENT. Message: ENOENT: no such file or directory, open '/home/danilao/.atom/recovery/router-46eac4.c'
Couldn't retain /home/danilao/.atom/recovery/router-55576b.c. Code: ENOENT. Message: ENOENT: no such file or directory, open '/home/danilao/.atom/recovery/router-55576b.c'
Couldn't retain /home/danilao/.atom/recovery/router-312d05.c. Code: ENOENT. Message: ENOENT: no such file or directory, open '/home/danilao/.atom/recovery/router-312d05.c'
Couldn't retain /home/danilao/.atom/recovery/router-ccfe8b.c. Code: ENOENT. Message: ENOENT: no such file or directory, open '/home/danilao/.atom/recovery/router-ccfe8b.c'
Couldn't retain /home/danilao/.atom/recovery/router-d89ad4.c. Code: ENOENT. Message: ENOENT: no such file or directory, open '/home/danilao/.atom/recovery/router-d89ad4.c'
Couldn't retain /home/danilao/.atom/recovery/router-c5189f.c. Code: ENOENT. Message: ENOENT: no such file or directory, open '/home/danilao/.atom/recovery/router-c5189f.c'
Couldn't retain /home/danilao/.atom/recovery/router-b5db8e.c. Code: ENOENT. Message: ENOENT: no such file or directory, open '/home/danilao/.atom/recovery/router-b5db8e.c'
Couldn't retain /home/danilao/.atom/recovery/router-0c33d4.c. Code: ENOENT. Message: ENOENT: no such file or directory, open '/home/danilao/.atom/recovery/router-0c33d4.c'
Couldn't retain /home/danilao/.atom/recovery/router-0c3776.c. Code: ENOENT. Message: ENOENT: no such file or directory, open '/home/danilao/.atom/recovery/router-0c3776.c'
